------------------------------------------------------------------------------
                           GCC Code Coverage Report
Directory: /home/boris/dev/cpp_homework/hw10
------------------------------------------------------------------------------
File                                       Lines    Exec  Cover   Missing
------------------------------------------------------------------------------
src/myproject/function.cpp                     3       3   100%   
src/test/tests.cpp                            13      13   100%   
------------------------------------------------------------------------------
TOTAL                                         16      16   100%
------------------------------------------------------------------------------
