------------------------------------------------------------------------------
                           GCC Code Coverage Report
Directory: /home/boris/dev/cpp_homework/hw10
------------------------------------------------------------------------------
File                                       Lines    Exec  Cover   Missing
------------------------------------------------------------------------------
src/myproject/function.cpp                    11      11   100%   
src/test/tests.cpp                            13      13   100%   
------------------------------------------------------------------------------
TOTAL                                         24      24   100%
------------------------------------------------------------------------------
